<?xml version="1.0" encoding="UTF-8"?>
<testng-results skipped="0" failed="0" total="1" passed="1">
  <reporter-output>
  </reporter-output>
  <suite name="MavenDemotest.Mavwndemo.AppTest" duration-ms="44" started-at="2018-06-05T14:21:22Z" finished-at="2018-06-05T14:21:22Z">
    <groups>
    </groups>
    <test name="Command line test" duration-ms="44" started-at="2018-06-05T14:21:22Z" finished-at="2018-06-05T14:21:22Z">
      <class name="MavenDemotest.Mavwndemo.AppTest">
        <test-method status="PASS" signature="testApp()[pri:0, instance:Default test name(MavenDemotest.Mavwndemo.AppTest)]" name="testApp" duration-ms="14" started-at="2018-06-05T19:51:22Z" finished-at="2018-06-05T19:51:22Z">
          <reporter-output>
          </reporter-output>
        </test-method> <!-- testApp -->
      </class> <!-- MavenDemotest.Mavwndemo.AppTest -->
    </test> <!-- Command line test -->
  </suite> <!-- MavenDemotest.Mavwndemo.AppTest -->
</testng-results>
