<?xml version="1.0" encoding="UTF-8"?>
<testsuite xmlns:xsi="http://www.w3.org/2001/XMLSchema-instance" xsi:schemaLocation="https://maven.apache.org/surefire/maven-surefire-plugin/xsd/surefire-test-report.xsd" name="TestSuite" time="1.435" tests="3" errors="0" skipped="0" failures="0">
  <properties>
[...]
</properties>
  <testcase name="testApp on Default test name(MavenDemotest.Mavwndemo.AppTest)" classname="MavenDemotest.Mavwndemo.AppTest" time="0.044"/>
  <testcase name="testApp4 on Default test name(MavenDemotest.Mavwndemo.AppTest)" classname="MavenDemotest.Mavwndemo.AppTest" time="0.003"/>
  <testcase name="testApp2 on Default test name(MavenDemotest.Mavwndemo.ClassTest1)" classname="MavenDemotest.Mavwndemo.ClassTest1" time="0.001"/>
</testsuite>