<?xml version="1.0" encoding="UTF-8"?>
<testng-results skipped="0" failed="0" total="3" passed="3">
  <reporter-output>
  </reporter-output>
  <suite name="Sample TestNG Trainig" duration-ms="75" started-at="2018-06-07T18:32:30Z" finished-at="2018-06-07T18:32:30Z">
    <groups>
    </groups>
    <test name="Regression suite 1" duration-ms="75" started-at="2018-06-07T18:32:30Z" finished-at="2018-06-07T18:32:30Z">
      <class name="MavenDemotest.Mavwndemo.AppTest">
        <test-method status="PASS" signature="testApp()[pri:0, instance:Default test name(MavenDemotest.Mavwndemo.AppTest)]" name="testApp" duration-ms="31" started-at="2018-06-08T00:02:30Z" finished-at="2018-06-08T00:02:30Z">
          <reporter-output>
          </reporter-output>
        </test-method> <!-- testApp -->
        <test-method status="PASS" signature="testApp4()[pri:0, instance:Default test name(MavenDemotest.Mavwndemo.AppTest)]" name="testApp4" duration-ms="6" started-at="2018-06-08T00:02:30Z" finished-at="2018-06-08T00:02:30Z">
          <reporter-output>
          </reporter-output>
        </test-method> <!-- testApp4 -->
      </class> <!-- MavenDemotest.Mavwndemo.AppTest -->
      <class name="MavenDemotest.Mavwndemo.ClassTest1">
        <test-method status="PASS" signature="testApp2()[pri:0, instance:Default test name(MavenDemotest.Mavwndemo.ClassTest1)]" name="testApp2" duration-ms="6" started-at="2018-06-08T00:02:30Z" finished-at="2018-06-08T00:02:30Z">
          <reporter-output>
          </reporter-output>
        </test-method> <!-- testApp2 -->
      </class> <!-- MavenDemotest.Mavwndemo.ClassTest1 -->
    </test> <!-- Regression suite 1 -->
  </suite> <!-- Sample TestNG Trainig -->
</testng-results>
