<?xml version="1.0" encoding="UTF-8"?>
<!-- Generated by org.testng.reporters.JUnitXMLReporter -->
<testsuite hostname="DESKTOP-HQEOJN3" name="Regression suite 1" tests="3" failures="0" timestamp="7 Jun 2018 18:49:04 GMT" time="0.098" errors="0">
  <testcase name="testApp on Default test name(MavenDemotest.Mavwndemo.AppTest)" time="0.037" classname="MavenDemotest.Mavwndemo.AppTest"/>
  <testcase name="testApp4 on Default test name(MavenDemotest.Mavwndemo.AppTest)" time="0.0" classname="MavenDemotest.Mavwndemo.AppTest"/>
  <testcase name="testApp2 on Default test name(MavenDemotest.Mavwndemo.ClassTest1)" time="0.001" classname="MavenDemotest.Mavwndemo.ClassTest1"/>
</testsuite> <!-- Regression suite 1 -->
